Determining if the pthread_create exist failed with the following output:
Change Dir: /home/workspace/Concurrent-Traffic-Simulation/build/CMakeFiles/CMakeTmp

Run Build Command:"/usr/bin/make" "cmTC_0a155/fast"
/usr/bin/make -f CMakeFiles/cmTC_0a155.dir/build.make CMakeFiles/cmTC_0a155.dir/build
make[1]: Entering directory '/home/workspace/Concurrent-Traffic-Simulation/build/CMakeFiles/CMakeTmp'
Building C object CMakeFiles/cmTC_0a155.dir/CheckSymbolExists.c.o
/usr/bin/cc    -o CMakeFiles/cmTC_0a155.dir/CheckSymbolExists.c.o   -c /home/workspace/Concurrent-Traffic-Simulation/build/CMakeFiles/CMakeTmp/CheckSymbolExists.c
Linking C executable cmTC_0a155
/usr/local/bin/cmake -E cmake_link_script CMakeFiles/cmTC_0a155.dir/link.txt --verbose=1
/usr/bin/cc      CMakeFiles/cmTC_0a155.dir/CheckSymbolExists.c.o  -o cmTC_0a155 
CMakeFiles/cmTC_0a155.dir/CheckSymbolExists.c.o: In function `main':
CheckSymbolExists.c:(.text+0x16): undefined reference to `pthread_create'
collect2: error: ld returned 1 exit status
CMakeFiles/cmTC_0a155.dir/build.make:86: recipe for target 'cmTC_0a155' failed
make[1]: *** [cmTC_0a155] Error 1
make[1]: Leaving directory '/home/workspace/Concurrent-Traffic-Simulation/build/CMakeFiles/CMakeTmp'
Makefile:121: recipe for target 'cmTC_0a155/fast' failed
make: *** [cmTC_0a155/fast] Error 2

File /home/workspace/Concurrent-Traffic-Simulation/build/CMakeFiles/CMakeTmp/CheckSymbolExists.c:
/* */
#include <pthread.h>

int main(int argc, char** argv)
{
  (void)argv;
#ifndef pthread_create
  return ((int*)(&pthread_create))[argc];
#else
  (void)argc;
  return 0;
#endif
}

Determining if the function pthread_create exists in the pthreads failed with the following output:
Change Dir: /home/workspace/Concurrent-Traffic-Simulation/build/CMakeFiles/CMakeTmp

Run Build Command:"/usr/bin/make" "cmTC_7378a/fast"
/usr/bin/make -f CMakeFiles/cmTC_7378a.dir/build.make CMakeFiles/cmTC_7378a.dir/build
make[1]: Entering directory '/home/workspace/Concurrent-Traffic-Simulation/build/CMakeFiles/CMakeTmp'
Building C object CMakeFiles/cmTC_7378a.dir/CheckFunctionExists.c.o
/usr/bin/cc   -DCHECK_FUNCTION_EXISTS=pthread_create   -o CMakeFiles/cmTC_7378a.dir/CheckFunctionExists.c.o   -c /usr/local/share/cmake-3.13/Modules/CheckFunctionExists.c
Linking C executable cmTC_7378a
/usr/local/bin/cmake -E cmake_link_script CMakeFiles/cmTC_7378a.dir/link.txt --verbose=1
/usr/bin/cc  -DCHECK_FUNCTION_EXISTS=pthread_create    CMakeFiles/cmTC_7378a.dir/CheckFunctionExists.c.o  -o cmTC_7378a -lpthreads 
/usr/bin/ld: cannot find -lpthreads
collect2: error: ld returned 1 exit status
CMakeFiles/cmTC_7378a.dir/build.make:86: recipe for target 'cmTC_7378a' failed
make[1]: *** [cmTC_7378a] Error 1
make[1]: Leaving directory '/home/workspace/Concurrent-Traffic-Simulation/build/CMakeFiles/CMakeTmp'
Makefile:121: recipe for target 'cmTC_7378a/fast' failed
make: *** [cmTC_7378a/fast] Error 2


